Arguments: 
  /usr/local/Cellar/node/14.12.0/bin/node /usr/local/Cellar/yarn/1.22.5/libexec/bin/yarn.js add @type/node

PATH: 
  /Users/xiewancheng/miniconda3/bin:/Applications/Xcode.app/Contents/Developer/Toolchains/XcodeDefault.xctoolchain/usr/include/c++/v1/:/usr/local/include/:/Users/xiewancheng/bin:/Applications/MATLAB/R2020a/bin:/usr/local/opt/openjdk/bin:/usr/local/Cellar/node/14.11.0/bin:/Users/xiewancheng/.cargo/bin:/Library/Frameworks/Python.framework/Versions/3.8/bin:/Library/Frameworks/Python.framework/Versions/3.6/bin:/usr/local/bin:/usr/bin:/bin:/usr/sbin:/sbin:/Library/TeX/texbin:/usr/local/aria2/bin:/usr/local/share/dotnet:/opt/X11/bin:~/.dotnet/tools

Yarn version: 
  1.22.5

Node version: 
  14.12.0

Platform: 
  darwin x64

Trace: 
  Error: https://registry.npm.taobao.org/@type%2fnode: Not found
      at Request.params.callback [as _callback] (/usr/local/Cellar/yarn/1.22.5/libexec/lib/cli.js:66988:18)
      at Request.self.callback (/usr/local/Cellar/yarn/1.22.5/libexec/lib/cli.js:140749:22)
      at Request.emit (events.js:314:20)
      at Request.<anonymous> (/usr/local/Cellar/yarn/1.22.5/libexec/lib/cli.js:141721:10)
      at Request.emit (events.js:314:20)
      at IncomingMessage.<anonymous> (/usr/local/Cellar/yarn/1.22.5/libexec/lib/cli.js:141643:12)
      at Object.onceWrapper (events.js:420:28)
      at IncomingMessage.emit (events.js:326:22)
      at endReadableNT (_stream_readable.js:1252:12)
      at processTicksAndRejections (internal/process/task_queues.js:80:21)

npm manifest: 
  {
    "name": "voucher-spider",
    "version": "1.0.0",
    "description": "",
    "main": "index.js",
    "directories": {
      "test": "test"
    },
    "dependencies": {
      "@nestjs/common": "^8.0.6",
      "@nestjs/core": "^8.0.6",
      "@nestjs/swagger": "^5.0.9",
      "@nestjs/typeorm": "^8.0.2",
      "typeorm": "^0.2.37"
    },
    "devDependencies": {},
    "scripts": {
      "start": "nest start --watch",
      "test": "echo \"Error: no test specified\" && exit 1"
    },
    "author": "",
    "license": "ISC"
  }

yarn manifest: 
  No manifest

Lockfile: 
  # THIS IS AN AUTOGENERATED FILE. DO NOT EDIT THIS FILE DIRECTLY.
  # yarn lockfile v1
  
  
  "@nestjs/common@^8.0.6":
    version "8.0.6"
    resolved "https://registry.nlark.com/@nestjs/common/download/@nestjs/common-8.0.6.tgz#52157de0bde7a439b2248ffd6d5e221fd593bc93"
    integrity sha1-UhV94L3npDmyJI/9bV4iH9WTvJM=
    dependencies:
      axios "0.21.1"
      iterare "1.2.1"
      tslib "2.3.0"
      uuid "8.3.2"
  
  "@nestjs/core@^8.0.6":
    version "8.0.6"
    resolved "https://registry.nlark.com/@nestjs/core/download/@nestjs/core-8.0.6.tgz#ff403a0713f9f7874e3a91ef5416fe6e96872635"
    integrity sha1-/0A6BxP594dOOpHvVBb+bpaHJjU=
    dependencies:
      "@nuxtjs/opencollective" "0.3.2"
      fast-safe-stringify "2.0.8"
      iterare "1.2.1"
      object-hash "2.2.0"
      path-to-regexp "3.2.0"
      tslib "2.3.0"
      uuid "8.3.2"
  
  "@nestjs/mapped-types@1.0.0":
    version "1.0.0"
    resolved "https://registry.nlark.com/@nestjs/mapped-types/download/@nestjs/mapped-types-1.0.0.tgz#52a0441795f6da8144a35970d3ebc19281f31cfd"
    integrity sha1-UqBEF5X22oFEo1lw0+vBkoHzHP0=
  
  "@nestjs/swagger@^5.0.9":
    version "5.0.9"
    resolved "https://registry.nlark.com/@nestjs/swagger/download/@nestjs/swagger-5.0.9.tgz#4c621fcab04c4835645cb41ef563378dc6bacfd2"
    integrity sha1-TGIfyrBMSDVkXLQe9WM3jca6z9I=
    dependencies:
      "@nestjs/mapped-types" "1.0.0"
      lodash "4.17.21"
      path-to-regexp "3.2.0"
  
  "@nestjs/typeorm@^8.0.2":
    version "8.0.2"
    resolved "https://registry.nlark.com/@nestjs/typeorm/download/@nestjs/typeorm-8.0.2.tgz#8e9b8422be402e02d6addfe7c779639fbff267af"
    integrity sha1-jpuEIr5ALgLWrd/nx3ljn7/yZ68=
    dependencies:
      uuid "8.3.2"
  
  "@nuxtjs/opencollective@0.3.2":
    version "0.3.2"
    resolved "https://registry.nlark.com/@nuxtjs/opencollective/download/@nuxtjs/opencollective-0.3.2.tgz#620ce1044f7ac77185e825e1936115bb38e2681c"
    integrity sha1-YgzhBE96x3GF6CXhk2EVuzjiaBw=
    dependencies:
      chalk "^4.1.0"
      consola "^2.15.0"
      node-fetch "^2.6.1"
  
  "@sqltools/formatter@^1.2.2":
    version "1.2.3"
    resolved "https://registry.nlark.com/@sqltools/formatter/download/@sqltools/formatter-1.2.3.tgz#1185726610acc37317ddab11c3c7f9066966bd20"
    integrity sha1-EYVyZhCsw3MX3asRw8f5BmlmvSA=
  
  "@types/zen-observable@0.8.3":
    version "0.8.3"
    resolved "https://registry.nlark.com/@types/zen-observable/download/@types/zen-observable-0.8.3.tgz?cache=0&sync_timestamp=1625246752878&other_urls=https%3A%2F%2Fregistry.nlark.com%2F%40types%2Fzen-observable%2Fdownload%2F%40types%2Fzen-observable-0.8.3.tgz#781d360c282436494b32fe7d9f7f8e64b3118aa3"
    integrity sha1-eB02DCgkNklLMv59n3+OZLMRiqM=
  
  ansi-regex@^2.0.0:
    version "2.1.1"
    resolved "https://registry.nlark.com/ansi-regex/download/ansi-regex-2.1.1.tgz#c3b33ab5ee360d86e0e628f0468ae7ef27d654df"
    integrity sha1-w7M6te42DYbg5ijwRorn7yfWVN8=
  
  ansi-regex@^5.0.0:
    version "5.0.0"
    resolved "https://registry.nlark.com/ansi-regex/download/ansi-regex-5.0.0.tgz#388539f55179bf39339c81af30a654d69f87cb75"
    integrity sha1-OIU59VF5vzkznIGvMKZU1p+Hy3U=
  
  ansi-styles@^2.2.1:
    version "2.2.1"
    resolved "https://registry.nlark.com/ansi-styles/download/ansi-styles-2.2.1.tgz?cache=0&sync_timestamp=1618995588464&other_urls=https%3A%2F%2Fregistry.nlark.com%2Fansi-styles%2Fdownload%2Fansi-styles-2.2.1.tgz#b432dd3358b634cf75e1e4664368240533c1ddbe"
    integrity sha1-tDLdM1i2NM914eRmQ2gkBTPB3b4=
  
  ansi-styles@^4.0.0, ansi-styles@^4.1.0:
    version "4.3.0"
    resolved "https://registry.nlark.com/ansi-styles/download/ansi-styles-4.3.0.tgz?cache=0&sync_timestamp=1618995588464&other_urls=https%3A%2F%2Fregistry.nlark.com%2Fansi-styles%2Fdownload%2Fansi-styles-4.3.0.tgz#edd803628ae71c04c85ae7a0906edad34b648937"
    integrity sha1-7dgDYornHATIWuegkG7a00tkiTc=
    dependencies:
      color-convert "^2.0.1"
  
  any-promise@^1.0.0:
    version "1.3.0"
    resolved "https://registry.npm.taobao.org/any-promise/download/any-promise-1.3.0.tgz#abc6afeedcea52e809cdc0376aed3ce39635d17f"
    integrity sha1-q8av7tzqUugJzcA3au0845Y10X8=
  
  app-root-path@^3.0.0:
    version "3.0.0"
    resolved "https://registry.nlark.com/app-root-path/download/app-root-path-3.0.0.tgz#210b6f43873227e18a4b810a032283311555d5ad"
    integrity sha1-IQtvQ4cyJ+GKS4EKAyKDMRVV1a0=
  
  argparse@^2.0.1:
    version "2.0.1"
    resolved "https://registry.nlark.com/argparse/download/argparse-2.0.1.tgz#246f50f3ca78a3240f6c997e8a9bd1eac49e4b38"
    integrity sha1-JG9Q88p4oyQPbJl+ipvR6sSeSzg=
  
  axios@0.21.1:
    version "0.21.1"
    resolved "https://registry.nlark.com/axios/download/axios-0.21.1.tgz#22563481962f4d6bde9a76d516ef0e5d3c09b2b8"
    integrity sha1-IlY0gZYvTWvemnbVFu8OXTwJsrg=
    dependencies:
      follow-redirects "^1.10.0"
  
  balanced-match@^1.0.0:
    version "1.0.2"
    resolved "https://registry.nlark.com/balanced-match/download/balanced-match-1.0.2.tgz#e83e3a7e3f300b34cb9d87f615fa0cbf357690ee"
    integrity sha1-6D46fj8wCzTLnYf2FfoMvzV2kO4=
  
  base64-js@^1.3.1:
    version "1.5.1"
    resolved "https://registry.nlark.com/base64-js/download/base64-js-1.5.1.tgz#1b1b440160a5bf7ad40b650f095963481903930a"
    integrity sha1-GxtEAWClv3rUC2UPCVljSBkDkwo=
  
  brace-expansion@^1.1.7:
    version "1.1.11"
    resolved "https://registry.nlark.com/brace-expansion/download/brace-expansion-1.1.11.tgz#3c7fcbf529d87226f3d2f52b966ff5271eb441dd"
    integrity sha1-PH/L9SnYcibz0vUrlm/1Jx60Qd0=
    dependencies:
      balanced-match "^1.0.0"
      concat-map "0.0.1"
  
  buffer@^6.0.3:
    version "6.0.3"
    resolved "https://registry.nlark.com/buffer/download/buffer-6.0.3.tgz#2ace578459cc8fbe2a70aaa8f52ee63b6a74c6c6"
    integrity sha1-Ks5XhFnMj74qcKqo9S7mO2p0xsY=
    dependencies:
      base64-js "^1.3.1"
      ieee754 "^1.2.1"
  
  chalk@^1.1.1:
    version "1.1.3"
    resolved "https://registry.nlark.com/chalk/download/chalk-1.1.3.tgz#a8115c55e4a702fe4d150abd3872822a7e09fc98"
    integrity sha1-qBFcVeSnAv5NFQq9OHKCKn4J/Jg=
    dependencies:
      ansi-styles "^2.2.1"
      escape-string-regexp "^1.0.2"
      has-ansi "^2.0.0"
      strip-ansi "^3.0.0"
      supports-color "^2.0.0"
  
  chalk@^4.0.0, chalk@^4.1.0:
    version "4.1.2"
    resolved "https://registry.nlark.com/chalk/download/chalk-4.1.2.tgz#aac4e2b7734a740867aeb16bf02aad556a1e7a01"
    integrity sha1-qsTit3NKdAhnrrFr8CqtVWoeegE=
    dependencies:
      ansi-styles "^4.1.0"
      supports-color "^7.1.0"
  
  cli-highlight@^2.1.11:
    version "2.1.11"
    resolved "https://registry.nlark.com/cli-highlight/download/cli-highlight-2.1.11.tgz#49736fa452f0aaf4fae580e30acb26828d2dc1bf"
    integrity sha1-SXNvpFLwqvT65YDjCssmgo0twb8=
    dependencies:
      chalk "^4.0.0"
      highlight.js "^10.7.1"
      mz "^2.4.0"
      parse5 "^5.1.1"
      parse5-htmlparser2-tree-adapter "^6.0.0"
      yargs "^16.0.0"
  
  cliui@^7.0.2:
    version "7.0.4"
    resolved "https://registry.nlark.com/cliui/download/cliui-7.0.4.tgz#a0265ee655476fc807aea9df3df8df7783808b4f"
    integrity sha1-oCZe5lVHb8gHrqnfPfjfd4OAi08=
    dependencies:
      string-width "^4.2.0"
      strip-ansi "^6.0.0"
      wrap-ansi "^7.0.0"
  
  color-convert@^2.0.1:
    version "2.0.1"
    resolved "https://registry.nlark.com/color-convert/download/color-convert-2.0.1.tgz#72d3a68d598c9bdb3af2ad1e84f21d896abd4de3"
    integrity sha1-ctOmjVmMm9s68q0ehPIdiWq9TeM=
    dependencies:
      color-name "~1.1.4"
  
  color-name@~1.1.4:
    version "1.1.4"
    resolved "https://registry.nlark.com/color-name/download/color-name-1.1.4.tgz#c2a09a87acbde69543de6f63fa3995c826c536a2"
    integrity sha1-wqCah6y95pVD3m9j+jmVyCbFNqI=
  
  concat-map@0.0.1:
    version "0.0.1"
    resolved "https://registry.npm.taobao.org/concat-map/download/concat-map-0.0.1.tgz#d8a96bd77fd68df7793a73036a3ba0d5405d477b"
    integrity sha1-2Klr13/Wjfd5OnMDajug1UBdR3s=
  
  consola@^2.15.0:
    version "2.15.3"
    resolved "https://registry.nlark.com/consola/download/consola-2.15.3.tgz#2e11f98d6a4be71ff72e0bdf07bd23e12cb61550"
    integrity sha1-LhH5jWpL5x/3LgvfB70j4Sy2FVA=
  
  debug@^4.3.1:
    version "4.3.2"
    resolved "https://registry.nlark.com/debug/download/debug-4.3.2.tgz?cache=0&other_urls=https%3A%2F%2Fregistry.nlark.com%2Fdebug%2Fdownload%2Fdebug-4.3.2.tgz#f0a49c18ac8779e31d4a0c6029dfb76873c7428b"
    integrity sha1-8KScGKyHeeMdSgxgKd+3aHPHQos=
    dependencies:
      ms "2.1.2"
  
  dotenv@^8.2.0:
    version "8.6.0"
    resolved "https://registry.nlark.com/dotenv/download/dotenv-8.6.0.tgz?cache=0&sync_timestamp=1621627671683&other_urls=https%3A%2F%2Fregistry.nlark.com%2Fdotenv%2Fdownload%2Fdotenv-8.6.0.tgz#061af664d19f7f4d8fc6e4ff9b584ce237adcb8b"
    integrity sha1-Bhr2ZNGff02PxuT/m1hM4jety4s=
  
  emoji-regex@^8.0.0:
    version "8.0.0"
    resolved "https://registry.nlark.com/emoji-regex/download/emoji-regex-8.0.0.tgz#e818fd69ce5ccfcb404594f842963bf53164cc37"
    integrity sha1-6Bj9ac5cz8tARZT4QpY79TFkzDc=
  
  escalade@^3.1.1:
    version "3.1.1"
    resolved "https://registry.nlark.com/escalade/download/escalade-3.1.1.tgz#d8cfdc7000965c5a0174b4a82eaa5c0552742e40"
    integrity sha1-2M/ccACWXFoBdLSoLqpcBVJ0LkA=
  
  escape-string-regexp@^1.0.2:
    version "1.0.5"
    resolved "https://registry.npm.taobao.org/escape-string-regexp/download/escape-string-regexp-1.0.5.tgz?cache=0&sync_timestamp=1618677179364&other_urls=https%3A%2F%2Fregistry.npm.taobao.org%2Fescape-string-regexp%2Fdownload%2Fescape-string-regexp-1.0.5.tgz#1b61c0562190a8dff6ae3bb2cf0200ca130b86d4"
    integrity sha1-G2HAViGQqN/2rjuyzwIAyhMLhtQ=
  
  fast-safe-stringify@2.0.8:
    version "2.0.8"
    resolved "https://registry.nlark.com/fast-safe-stringify/download/fast-safe-stringify-2.0.8.tgz#dc2af48c46cf712b683e849b2bbd446b32de936f"
    integrity sha1-3Cr0jEbPcStoPoSbK71EazLek28=
  
  figlet@^1.1.1:
    version "1.5.2"
    resolved "https://registry.nlark.com/figlet/download/figlet-1.5.2.tgz#dda34ff233c9a48e36fcff6741aeb5bafe49b634"
    integrity sha1-3aNP8jPJpI42/P9nQa61uv5JtjQ=
  
  follow-redirects@^1.10.0:
    version "1.14.2"
    resolved "https://registry.nlark.com/follow-redirects/download/follow-redirects-1.14.2.tgz?cache=0&other_urls=https%3A%2F%2Fregistry.nlark.com%2Ffollow-redirects%2Fdownload%2Ffollow-redirects-1.14.2.tgz#cecb825047c00f5e66b142f90fed4f515dec789b"
    integrity sha1-zsuCUEfAD15msUL5D+1PUV3seJs=
  
  fs.realpath@^1.0.0:
    version "1.0.0"
    resolved "https://registry.nlark.com/fs.realpath/download/fs.realpath-1.0.0.tgz#1504ad2523158caa40db4a2787cb01411994ea4f"
    integrity sha1-FQStJSMVjKpA20onh8sBQRmU6k8=
  
  get-caller-file@^2.0.5:
    version "2.0.5"
    resolved "https://registry.nlark.com/get-caller-file/download/get-caller-file-2.0.5.tgz#4f94412a82db32f36e3b0b9741f8a97feb031f7e"
    integrity sha1-T5RBKoLbMvNuOwuXQfipf+sDH34=
  
  glob@^7.1.6:
    version "7.1.7"
    resolved "https://registry.nlark.com/glob/download/glob-7.1.7.tgz?cache=0&sync_timestamp=1620340016961&other_urls=https%3A%2F%2Fregistry.nlark.com%2Fglob%2Fdownload%2Fglob-7.1.7.tgz#3b193e9233f01d42d0b3f78294bbeeb418f94a90"
    integrity sha1-Oxk+kjPwHULQs/eClLvutBj5SpA=
    dependencies:
      fs.realpath "^1.0.0"
      inflight "^1.0.4"
      inherits "2"
      minimatch "^3.0.4"
      once "^1.3.0"
      path-is-absolute "^1.0.0"
  
  has-ansi@^2.0.0:
    version "2.0.0"
    resolved "https://registry.nlark.com/has-ansi/download/has-ansi-2.0.0.tgz#34f5049ce1ecdf2b0649af3ef24e45ed35416d91"
    integrity sha1-NPUEnOHs3ysGSa8+8k5F7TVBbZE=
    dependencies:
      ansi-regex "^2.0.0"
  
  has-flag@^4.0.0:
    version "4.0.0"
    resolved "https://registry.nlark.com/has-flag/download/has-flag-4.0.0.tgz#944771fd9c81c81265c4d6941860da06bb59479b"
    integrity sha1-lEdx/ZyByBJlxNaUGGDaBrtZR5s=
  
  highlight.js@^10.7.1:
    version "10.7.3"
    resolved "https://registry.nlark.com/highlight.js/download/highlight.js-10.7.3.tgz#697272e3991356e40c3cac566a74eef681756531"
    integrity sha1-aXJy45kTVuQMPKxWanTu9oF1ZTE=
  
  ieee754@^1.2.1:
    version "1.2.1"
    resolved "https://registry.nlark.com/ieee754/download/ieee754-1.2.1.tgz#8eb7a10a63fff25d15a57b001586d177d1b0d352"
    integrity sha1-jrehCmP/8l0VpXsAFYbRd9Gw01I=
  
  inflight@^1.0.4:
    version "1.0.6"
    resolved "https://registry.nlark.com/inflight/download/inflight-1.0.6.tgz#49bd6331d7d02d0c09bc910a1075ba8165b56df9"
    integrity sha1-Sb1jMdfQLQwJvJEKEHW6gWW1bfk=
    dependencies:
      once "^1.3.0"
      wrappy "1"
  
  inherits@2, inherits@^2.0.1:
    version "2.0.4"
    resolved "https://registry.npm.taobao.org/inherits/download/inherits-2.0.4.tgz#0fa2c64f932917c3433a0ded55363aae37416b7c"
    integrity sha1-D6LGT5MpF8NDOg3tVTY6rjdBa3w=
  
  is-fullwidth-code-point@^3.0.0:
    version "3.0.0"
    resolved "https://registry.nlark.com/is-fullwidth-code-point/download/is-fullwidth-code-point-3.0.0.tgz#f116f8064fe90b3f7844a38997c0b75051269f1d"
    integrity sha1-8Rb4Bk/pCz94RKOJl8C3UFEmnx0=
  
  iterare@1.2.1:
    version "1.2.1"
    resolved "https://registry.nlark.com/iterare/download/iterare-1.2.1.tgz#139c400ff7363690e33abffa33cbba8920f00042"
    integrity sha1-E5xAD/c2NpDjOr/6M8u6iSDwAEI=
  
  js-yaml@^4.0.0:
    version "4.1.0"
    resolved "https://registry.nlark.com/js-yaml/download/js-yaml-4.1.0.tgz#c1fb65f8f5017901cdd2c951864ba18458a10602"
    integrity sha1-wftl+PUBeQHN0slRhkuhhFihBgI=
    dependencies:
      argparse "^2.0.1"
  
  lodash@4.17.21:
    version "4.17.21"
    resolved "https://registry.nlark.com/lodash/download/lodash-4.17.21.tgz?cache=0&sync_timestamp=1618910518249&other_urls=https%3A%2F%2Fregistry.nlark.com%2Flodash%2Fdownload%2Flodash-4.17.21.tgz#679591c564c3bffaae8454cf0b3df370c3d6911c"
    integrity sha1-Z5WRxWTDv/quhFTPCz3zcMPWkRw=
  
  minimatch@^3.0.4:
    version "3.0.4"
    resolved "https://registry.nlark.com/minimatch/download/minimatch-3.0.4.tgz#5166e286457f03306064be5497e8dbb0c3d32083"
    integrity sha1-UWbihkV/AzBgZL5Ul+jbsMPTIIM=
    dependencies:
      brace-expansion "^1.1.7"
  
  mkdirp@^1.0.4:
    version "1.0.4"
    resolved "https://registry.npm.taobao.org/mkdirp/download/mkdirp-1.0.4.tgz?cache=0&sync_timestamp=1599533186253&other_urls=https%3A%2F%2Fregistry.npm.taobao.org%2Fmkdirp%2Fdownload%2Fmkdirp-1.0.4.tgz#3eb5ed62622756d79a5f0e2a221dfebad75c2f7e"
    integrity sha1-PrXtYmInVteaXw4qIh3+utdcL34=
  
  ms@2.1.2:
    version "2.1.2"
    resolved "https://registry.nlark.com/ms/download/ms-2.1.2.tgz#d09d1f357b443f493382a8eb3ccd183872ae6009"
    integrity sha1-0J0fNXtEP0kzgqjrPM0YOHKuYAk=
  
  mz@^2.4.0:
    version "2.7.0"
    resolved "https://registry.npm.taobao.org/mz/download/mz-2.7.0.tgz#95008057a56cafadc2bc63dde7f9ff6955948e32"
    integrity sha1-lQCAV6Vsr63CvGPd5/n/aVWUjjI=
    dependencies:
      any-promise "^1.0.0"
      object-assign "^4.0.1"
      thenify-all "^1.0.0"
  
  node-fetch@^2.6.1:
    version "2.6.1"
    resolved "https://registry.nlark.com/node-fetch/download/node-fetch-2.6.1.tgz#045bd323631f76ed2e2b55573394416b639a0052"
    integrity sha1-BFvTI2Mfdu0uK1VXM5RBa2OaAFI=
  
  object-assign@^4.0.1:
    version "4.1.1"
    resolved "https://registry.nlark.com/object-assign/download/object-assign-4.1.1.tgz#2109adc7965887cfc05cbbd442cac8bfbb360863"
    integrity sha1-IQmtx5ZYh8/AXLvUQsrIv7s2CGM=
  
  object-hash@2.2.0:
    version "2.2.0"
    resolved "https://registry.nlark.com/object-hash/download/object-hash-2.2.0.tgz#5ad518581eefc443bd763472b8ff2e9c2c0d54a5"
    integrity sha1-WtUYWB7vxEO9djRyuP8unCwNVKU=
  
  once@^1.3.0:
    version "1.4.0"
    resolved "https://registry.nlark.com/once/download/once-1.4.0.tgz#583b1aa775961d4b113ac17d9c50baef9dd76bd1"
    integrity sha1-WDsap3WWHUsROsF9nFC6753Xa9E=
    dependencies:
      wrappy "1"
  
  parent-require@^1.0.0:
    version "1.0.0"
    resolved "https://registry.nlark.com/parent-require/download/parent-require-1.0.0.tgz#746a167638083a860b0eef6732cb27ed46c32977"
    integrity sha1-dGoWdjgIOoYLDu9nMssn7UbDKXc=
  
  parse5-htmlparser2-tree-adapter@^6.0.0:
    version "6.0.1"
    resolved "https://registry.nlark.com/parse5-htmlparser2-tree-adapter/download/parse5-htmlparser2-tree-adapter-6.0.1.tgz#2cdf9ad823321140370d4dbf5d3e92c7c8ddc6e6"
    integrity sha1-LN+a2CMyEUA3DU2/XT6Sx8jdxuY=
    dependencies:
      parse5 "^6.0.1"
  
  parse5@^5.1.1:
    version "5.1.1"
    resolved "https://registry.nlark.com/parse5/download/parse5-5.1.1.tgz#f68e4e5ba1852ac2cadc00f4555fff6c2abb6178"
    integrity sha1-9o5OW6GFKsLK3AD0VV//bCq7YXg=
  
  parse5@^6.0.1:
    version "6.0.1"
    resolved "https://registry.nlark.com/parse5/download/parse5-6.0.1.tgz#e1a1c085c569b3dc08321184f19a39cc27f7c30b"
    integrity sha1-4aHAhcVps9wIMhGE8Zo5zCf3wws=
  
  path-is-absolute@^1.0.0:
    version "1.0.1"
    resolved "https://registry.nlark.com/path-is-absolute/download/path-is-absolute-1.0.1.tgz#174b9268735534ffbc7ace6bf53a5a9e1b5c5f5f"
    integrity sha1-F0uSaHNVNP+8es5r9TpanhtcX18=
  
  path-to-regexp@3.2.0:
    version "3.2.0"
    resolved "https://registry.nlark.com/path-to-regexp/download/path-to-regexp-3.2.0.tgz#fa7877ecbc495c601907562222453c43cc204a5f"
    integrity sha1-+nh37LxJXGAZB1YiIkU8Q8wgSl8=
  
  reflect-metadata@^0.1.13:
    version "0.1.13"
    resolved "https://registry.nlark.com/reflect-metadata/download/reflect-metadata-0.1.13.tgz#67ae3ca57c972a2aa1642b10fe363fe32d49dc08"
    integrity sha1-Z648pXyXKiqhZCsQ/jY/4y1J3Ag=
  
  require-directory@^2.1.1:
    version "2.1.1"
    resolved "https://registry.nlark.com/require-directory/download/require-directory-2.1.1.tgz#8c64ad5fd30dab1c976e2344ffe7f792a6a6df42"
    integrity sha1-jGStX9MNqxyXbiNE/+f3kqam30I=
  
  safe-buffer@^5.0.1:
    version "5.2.1"
    resolved "https://registry.nlark.com/safe-buffer/download/safe-buffer-5.2.1.tgz#1eaf9fa9bdb1fdd4ec75f58f9cdb4e6b7827eec6"
    integrity sha1-Hq+fqb2x/dTsdfWPnNtOa3gn7sY=
  
  sax@>=0.6.0:
    version "1.2.4"
    resolved "https://registry.npm.taobao.org/sax/download/sax-1.2.4.tgz#2816234e2378bddc4e5354fab5caa895df7100d9"
    integrity sha1-KBYjTiN4vdxOU1T6tcqold9xANk=
  
  sha.js@^2.4.11:
    version "2.4.11"
    resolved "https://registry.nlark.com/sha.js/download/sha.js-2.4.11.tgz#37a5cf0b81ecbc6943de109ba2960d1b26584ae7"
    integrity sha1-N6XPC4HsvGlD3hCbopYNGyZYSuc=
    dependencies:
      inherits "^2.0.1"
      safe-buffer "^5.0.1"
  
  string-width@^4.1.0, string-width@^4.2.0:
    version "4.2.2"
    resolved "https://registry.npm.taobao.org/string-width/download/string-width-4.2.2.tgz?cache=0&sync_timestamp=1618558751438&other_urls=https%3A%2F%2Fregistry.npm.taobao.org%2Fstring-width%2Fdownload%2Fstring-width-4.2.2.tgz#dafd4f9559a7585cfba529c6a0a4f73488ebd4c5"
    integrity sha1-2v1PlVmnWFz7pSnGoKT3NIjr1MU=
    dependencies:
      emoji-regex "^8.0.0"
      is-fullwidth-code-point "^3.0.0"
      strip-ansi "^6.0.0"
  
  strip-ansi@^3.0.0:
    version "3.0.1"
    resolved "https://registry.nlark.com/strip-ansi/download/strip-ansi-3.0.1.tgz?cache=0&sync_timestamp=1618910488314&other_urls=https%3A%2F%2Fregistry.nlark.com%2Fstrip-ansi%2Fdownload%2Fstrip-ansi-3.0.1.tgz#6a385fb8853d952d5ff05d0e8aaf94278dc63dcf"
    integrity sha1-ajhfuIU9lS1f8F0Oiq+UJ43GPc8=
    dependencies:
      ansi-regex "^2.0.0"
  
  strip-ansi@^6.0.0:
    version "6.0.0"
    resolved "https://registry.nlark.com/strip-ansi/download/strip-ansi-6.0.0.tgz?cache=0&sync_timestamp=1618910488314&other_urls=https%3A%2F%2Fregistry.nlark.com%2Fstrip-ansi%2Fdownload%2Fstrip-ansi-6.0.0.tgz#0b1571dd7669ccd4f3e06e14ef1eed26225ae532"
    integrity sha1-CxVx3XZpzNTz4G4U7x7tJiJa5TI=
    dependencies:
      ansi-regex "^5.0.0"
  
  supports-color@^2.0.0:
    version "2.0.0"
    resolved "https://registry.nlark.com/supports-color/download/supports-color-2.0.0.tgz?cache=0&sync_timestamp=1626703400240&other_urls=https%3A%2F%2Fregistry.nlark.com%2Fsupports-color%2Fdownload%2Fsupports-color-2.0.0.tgz#535d045ce6b6363fa40117084629995e9df324c7"
    integrity sha1-U10EXOa2Nj+kARcIRimZXp3zJMc=
  
  supports-color@^7.1.0:
    version "7.2.0"
    resolved "https://registry.nlark.com/supports-color/download/supports-color-7.2.0.tgz?cache=0&sync_timestamp=1626703400240&other_urls=https%3A%2F%2Fregistry.nlark.com%2Fsupports-color%2Fdownload%2Fsupports-color-7.2.0.tgz#1b7dcdcb32b8138801b3e478ba6a51caa89648da"
    integrity sha1-G33NyzK4E4gBs+R4umpRyqiWSNo=
    dependencies:
      has-flag "^4.0.0"
  
  thenify-all@^1.0.0:
    version "1.6.0"
    resolved "https://registry.nlark.com/thenify-all/download/thenify-all-1.6.0.tgz#1a1918d402d8fc3f98fbf234db0bcc8cc10e9726"
    integrity sha1-GhkY1ALY/D+Y+/I02wvMjMEOlyY=
    dependencies:
      thenify ">= 3.1.0 < 4"
  
  "thenify@>= 3.1.0 < 4":
    version "3.3.1"
    resolved "https://registry.nlark.com/thenify/download/thenify-3.3.1.tgz#8932e686a4066038a016dd9e2ca46add9838a95f"
    integrity sha1-iTLmhqQGYDigFt2eLKRq3Zg4qV8=
    dependencies:
      any-promise "^1.0.0"
  
  tslib@2.3.0:
    version "2.3.0"
    resolved "https://registry.nlark.com/tslib/download/tslib-2.3.0.tgz#803b8cdab3e12ba581a4ca41c8839bbb0dacb09e"
    integrity sha1-gDuM2rPhK6WBpMpByIObuw2ssJ4=
  
  tslib@^2.1.0:
    version "2.3.1"
    resolved "https://registry.nlark.com/tslib/download/tslib-2.3.1.tgz#e8a335add5ceae51aa261d32a490158ef042ef01"
    integrity sha1-6KM1rdXOrlGqJh0ypJAVjvBC7wE=
  
  typeorm@^0.2.37:
    version "0.2.37"
    resolved "https://registry.nlark.com/typeorm/download/typeorm-0.2.37.tgz#1a5e59216077640694d27c04c99ed3f968d15dc8"
    integrity sha1-Gl5ZIWB3ZAaU0nwEyZ7T+WjRXcg=
    dependencies:
      "@sqltools/formatter" "^1.2.2"
      app-root-path "^3.0.0"
      buffer "^6.0.3"
      chalk "^4.1.0"
      cli-highlight "^2.1.11"
      debug "^4.3.1"
      dotenv "^8.2.0"
      glob "^7.1.6"
      js-yaml "^4.0.0"
      mkdirp "^1.0.4"
      reflect-metadata "^0.1.13"
      sha.js "^2.4.11"
      tslib "^2.1.0"
      xml2js "^0.4.23"
      yargonaut "^1.1.4"
      yargs "^17.0.1"
      zen-observable-ts "^1.0.0"
  
  uuid@8.3.2:
    version "8.3.2"
    resolved "https://registry.nlark.com/uuid/download/uuid-8.3.2.tgz?cache=0&sync_timestamp=1622213086354&other_urls=https%3A%2F%2Fregistry.nlark.com%2Fuuid%2Fdownload%2Fuuid-8.3.2.tgz#80d5b5ced271bb9af6c445f21a1a04c606cefbe2"
    integrity sha1-gNW1ztJxu5r2xEXyGhoExgbO++I=
  
  wrap-ansi@^7.0.0:
    version "7.0.0"
    resolved "https://registry.npm.taobao.org/wrap-ansi/download/wrap-ansi-7.0.0.tgz?cache=0&sync_timestamp=1618558887146&other_urls=https%3A%2F%2Fregistry.npm.taobao.org%2Fwrap-ansi%2Fdownload%2Fwrap-ansi-7.0.0.tgz#67e145cff510a6a6984bdf1152911d69d2eb9e43"
    integrity sha1-Z+FFz/UQpqaYS98RUpEdadLrnkM=
    dependencies:
      ansi-styles "^4.0.0"
      string-width "^4.1.0"
      strip-ansi "^6.0.0"
  
  wrappy@1:
    version "1.0.2"
    resolved "https://registry.nlark.com/wrappy/download/wrappy-1.0.2.tgz#b5243d8f3ec1aa35f1364605bc0d1036e30ab69f"
    integrity sha1-tSQ9jz7BqjXxNkYFvA0QNuMKtp8=
  
  xml2js@^0.4.23:
    version "0.4.23"
    resolved "https://registry.nlark.com/xml2js/download/xml2js-0.4.23.tgz#a0c69516752421eb2ac758ee4d4ccf58843eac66"
    integrity sha1-oMaVFnUkIesqx1juTUzPWIQ+rGY=
    dependencies:
      sax ">=0.6.0"
      xmlbuilder "~11.0.0"
  
  xmlbuilder@~11.0.0:
    version "11.0.1"
    resolved "https://registry.nlark.com/xmlbuilder/download/xmlbuilder-11.0.1.tgz#be9bae1c8a046e76b31127726347d0ad7002beb3"
    integrity sha1-vpuuHIoEbnazESdyY0fQrXACvrM=
  
  y18n@^5.0.5:
    version "5.0.8"
    resolved "https://registry.nlark.com/y18n/download/y18n-5.0.8.tgz#7f4934d0f7ca8c56f95314939ddcd2dd91ce1d55"
    integrity sha1-f0k00PfKjFb5UxSTndzS3ZHOHVU=
  
  yargonaut@^1.1.4:
    version "1.1.4"
    resolved "https://registry.nlark.com/yargonaut/download/yargonaut-1.1.4.tgz#c64f56432c7465271221f53f5cc517890c3d6e0c"
    integrity sha1-xk9WQyx0ZScSIfU/XMUXiQw9bgw=
    dependencies:
      chalk "^1.1.1"
      figlet "^1.1.1"
      parent-require "^1.0.0"
  
  yargs-parser@^20.2.2:
    version "20.2.9"
    resolved "https://registry.nlark.com/yargs-parser/download/yargs-parser-20.2.9.tgz#2eb7dc3b0289718fc295f362753845c41a0c94ee"
    integrity sha1-LrfcOwKJcY/ClfNidThFxBoMlO4=
  
  yargs@^16.0.0:
    version "16.2.0"
    resolved "https://registry.nlark.com/yargs/download/yargs-16.2.0.tgz#1c82bf0f6b6a66eafce7ef30e376f49a12477f66"
    integrity sha1-HIK/D2tqZur85+8w43b0mhJHf2Y=
    dependencies:
      cliui "^7.0.2"
      escalade "^3.1.1"
      get-caller-file "^2.0.5"
      require-directory "^2.1.1"
      string-width "^4.2.0"
      y18n "^5.0.5"
      yargs-parser "^20.2.2"
  
  yargs@^17.0.1:
    version "17.1.1"
    resolved "https://registry.nlark.com/yargs/download/yargs-17.1.1.tgz#c2a8091564bdb196f7c0a67c1d12e5b85b8067ba"
    integrity sha1-wqgJFWS9sZb3wKZ8HRLluFuAZ7o=
    dependencies:
      cliui "^7.0.2"
      escalade "^3.1.1"
      get-caller-file "^2.0.5"
      require-directory "^2.1.1"
      string-width "^4.2.0"
      y18n "^5.0.5"
      yargs-parser "^20.2.2"
  
  zen-observable-ts@^1.0.0:
    version "1.1.0"
    resolved "https://registry.nlark.com/zen-observable-ts/download/zen-observable-ts-1.1.0.tgz#2d1aa9d79b87058e9b75698b92791c1838551f83"
    integrity sha1-LRqp15uHBY6bdWmLknkcGDhVH4M=
    dependencies:
      "@types/zen-observable" "0.8.3"
      zen-observable "0.8.15"
  
  zen-observable@0.8.15:
    version "0.8.15"
    resolved "https://registry.nlark.com/zen-observable/download/zen-observable-0.8.15.tgz#96415c512d8e3ffd920afd3889604e30b9eaac15"
    integrity sha1-lkFcUS2OP/2SCv04iWBOMLnqrBU=
